<?xml version="1.0" encoding="UTF-8"?>
<!-- Generated by org.testng.reporters.JUnitXMLReporter -->
<testsuite hostname="PG01MM1X" name="LoginTest_FailCase" tests="1" failures="1" timestamp="14 Apr 2023 09:51:50 GMT" time="0.003" errors="0">
  <testcase name="@BeforeSuite setUp" time="0.0" classname="com.FailDemo.tests.LoginTest">
    <failure type="org.openqa.selenium.SessionNotCreatedException" message="session not created: This version of ChromeDriver only supports Chrome version 109
Current browser version is 111.0.5563.111 with binary path C:\Program Files (x86)\Google\Chrome\Application\chrome.exe
Build info: version: &amp;apos;3.141.59&amp;apos;, revision: &amp;apos;e82be7d358&amp;apos;, time: &amp;apos;2018-11-14T08:17:03&amp;apos;
System info: host: &amp;apos;PG01MM1X&amp;apos;, ip: &amp;apos;192.168.0.106&amp;apos;, os.name: &amp;apos;Windows 10&amp;apos;, os.arch: &amp;apos;amd64&amp;apos;, os.version: &amp;apos;10.0&amp;apos;, java.version: &amp;apos;1.8.0_221&amp;apos;
Driver info: driver.version: ChromeDriver
remote stacktrace: Backtrace:
	(No symbol) [0x003A6643]
	(No symbol) [0x0033BE21]
	(No symbol) [0x0023DA9D]
	(No symbol) [0x00262911]
	(No symbol) [0x0025D630]
	(No symbol) [0x0025A899]
	(No symbol) [0x00296917]
	(No symbol) [0x0029655C]
	(No symbol) [0x0028FB76]
	(No symbol) [0x002649C1]
	(No symbol) [0x00265E5D]
	GetHandleVerifier [0x0061A142+2497106]
	GetHandleVerifier [0x006485D3+2686691]
	GetHandleVerifier [0x0064BB9C+2700460]
	GetHandleVerifier [0x00453B10+635936]
	(No symbol) [0x00344A1F]
	(No symbol) [0x0034A418]
	(No symbol) [0x0034A505]
	(No symbol) [0x0035508B]
	BaseThreadInitThunk [0x772A00F9+25]
	RtlGetAppContainerNamedObjectPath [0x77677BBE+286]
	RtlGetAppContainerNamedObjectPath [0x77677B8E+238]
">
      <![CDATA[org.openqa.selenium.SessionNotCreatedException: session not created: This version of ChromeDriver only supports Chrome version 109
Current browser version is 111.0.5563.111 with binary path C:\Program Files (x86)\Google\Chrome\Application\chrome.exe
Build info: version: '3.141.59', revision: 'e82be7d358', time: '2018-11-14T08:17:03'
System info: host: 'PG01MM1X', ip: '192.168.0.106', os.name: 'Windows 10', os.arch: 'amd64', os.version: '10.0', java.version: '1.8.0_221'
Driver info: driver.version: ChromeDriver
remote stacktrace: Backtrace:
	(No symbol) [0x003A6643]
	(No symbol) [0x0033BE21]
	(No symbol) [0x0023DA9D]
	(No symbol) [0x00262911]
	(No symbol) [0x0025D630]
	(No symbol) [0x0025A899]
	(No symbol) [0x00296917]
	(No symbol) [0x0029655C]
	(No symbol) [0x0028FB76]
	(No symbol) [0x002649C1]
	(No symbol) [0x00265E5D]
	GetHandleVerifier [0x0061A142+2497106]
	GetHandleVerifier [0x006485D3+2686691]
	GetHandleVerifier [0x0064BB9C+2700460]
	GetHandleVerifier [0x00453B10+635936]
	(No symbol) [0x00344A1F]
	(No symbol) [0x0034A418]
	(No symbol) [0x0034A505]
	(No symbol) [0x0035508B]
	BaseThreadInitThunk [0x772A00F9+25]
	RtlGetAppContainerNamedObjectPath [0x77677BBE+286]
	RtlGetAppContainerNamedObjectPath [0x77677B8E+238]

	at org.openqa.selenium.remote.W3CHandshakeResponse.lambda$errorHandler$0(W3CHandshakeResponse.java:62)
	at org.openqa.selenium.remote.HandshakeResponse.lambda$getResponseFunction$0(HandshakeResponse.java:30)
	at org.openqa.selenium.remote.ProtocolHandshake.lambda$createSession$0(ProtocolHandshake.java:126)
	at java.util.stream.ReferencePipeline$3$1.accept(ReferencePipeline.java:193)
	at java.util.Spliterators$ArraySpliterator.tryAdvance(Spliterators.java:958)
	at java.util.stream.ReferencePipeline.forEachWithCancel(ReferencePipeline.java:126)
	at java.util.stream.AbstractPipeline.copyIntoWithCancel(AbstractPipeline.java:499)
	at java.util.stream.AbstractPipeline.copyInto(AbstractPipeline.java:486)
	at java.util.stream.AbstractPipeline.wrapAndCopyInto(AbstractPipeline.java:472)
	at java.util.stream.FindOps$FindOp.evaluateSequential(FindOps.java:152)
	at java.util.stream.AbstractPipeline.evaluate(AbstractPipeline.java:234)
	at java.util.stream.ReferencePipeline.findFirst(ReferencePipeline.java:464)
	at org.openqa.selenium.remote.ProtocolHandshake.createSession(ProtocolHandshake.java:128)
	at org.openqa.selenium.remote.ProtocolHandshake.createSession(ProtocolHandshake.java:74)
	at org.openqa.selenium.remote.HttpCommandExecutor.execute(HttpCommandExecutor.java:136)
	at org.openqa.selenium.remote.service.DriverCommandExecutor.execute(DriverCommandExecutor.java:83)
	at org.openqa.selenium.remote.RemoteWebDriver.execute(RemoteWebDriver.java:552)
	at org.openqa.selenium.remote.RemoteWebDriver.startSession(RemoteWebDriver.java:213)
	at org.openqa.selenium.remote.RemoteWebDriver.<init>(RemoteWebDriver.java:131)
	at org.openqa.selenium.chrome.ChromeDriver.<init>(ChromeDriver.java:181)
	at org.openqa.selenium.chrome.ChromeDriver.<init>(ChromeDriver.java:168)
	at org.openqa.selenium.chrome.ChromeDriver.<init>(ChromeDriver.java:123)
	at com.qa.paths.WebdriverPaths.Webdriver_chrome(WebdriverPaths.java:61)
	at com.qa.baseclass.Baseclass.setUp(Baseclass.java:100)
... Removed 23 stack frames]]>
    </failure>
  </testcase> <!-- @BeforeSuite setUp -->
  <testcase name="userLogin" time="0.0" classname="com.FailDemo.tests.LoginTest">
    <failure type="java.lang.NullPointerException">
      <![CDATA[java.lang.NullPointerException
	at com.qa.testlistener.TestListeners.onTestSkipped(TestListeners.java:18)
... Removed 22 stack frames]]>
    </failure>
  </testcase> <!-- userLogin -->
</testsuite> <!-- LoginTest_FailCase -->
